<?xml version="1.0" encoding="UTF-8"?>
<!-- Generated by org.testng.reporters.JUnitReportReporter -->
<testsuite hostname="ojt5-PC" name="DriverFactory.AppTest" tests="1" failures="0" timestamp="19 Dec 2019 04:03:33 GMT" time="28.936" errors="0">
  <testcase name="startTest" time="28.936" classname="DriverFactory.AppTest"/>
</testsuite> <!-- DriverFactory.AppTest -->
